<?xml version="1.0" encoding="UTF-8"?>
<!-- Generated by org.testng.reporters.JUnitReportReporter -->
<testsuite hostname="DESKTOP-MVHKLV0" failures="0" tests="1" name="RestAssured.BDD_PostMethod" time="1.842" errors="0" timestamp="17 May 2025 19:11:04 GMT" skipped="0">
  <testcase classname="RestAssured.BDD_PostMethod" name="Test" time="1.842"/>
</testsuite> <!-- RestAssured.BDD_PostMethod -->
