<?xml version="1.0" encoding="UTF-8"?>
<!-- Generated by org.testng.reporters.JUnitReportReporter -->
<testsuite hostname="DESKTOP-MVHKLV0" failures="0" tests="1" name="Get_Method.Get_Method_GivenFormet" time="3.996" errors="0" timestamp="19 Mar 2024 14:22:05 GMT" skipped="0">
  <testcase classname="Get_Method.Get_Method_GivenFormet" name="Test1" time="3.996"/>
</testsuite> <!-- Get_Method.Get_Method_GivenFormet -->
