<?xml version="1.0" encoding="UTF-8"?>
<!-- Generated by org.testng.reporters.JUnitReportReporter -->
<testsuite hostname="DESKTOP-MVHKLV0" failures="0" tests="1" name="RestAssured.Get_Method" time="1.479" errors="0" timestamp="14 May 2025 18:42:23 GMT" skipped="0">
  <testcase classname="RestAssured.Get_Method" name="Test" time="1.479"/>
</testsuite> <!-- RestAssured.Get_Method -->
