<?xml version="1.0" encoding="UTF-8"?>
<!-- Generated by org.testng.reporters.JUnitReportReporter -->
<testsuite hostname="DESKTOP-MVHKLV0" failures="0" tests="1" name="GetApi.Test_PatchMethod" time="2.167" errors="0" timestamp="31 Oct 2023 13:47:40 GMT" skipped="0">
  <testcase classname="GetApi.Test_PatchMethod" name="Test4" time="2.167"/>
</testsuite> <!-- GetApi.Test_PatchMethod -->
