<?xml version="1.0" encoding="UTF-8"?>
<!-- Generated by org.testng.reporters.JUnitReportReporter -->
<testsuite hostname="DESKTOP-MVHKLV0" failures="0" tests="1" name="GetApi.Test_PutMethod" time="1.795" errors="0" timestamp="23 Dec 2023 16:47:25 GMT" skipped="0">
  <testcase classname="GetApi.Test_PutMethod" name="ValidateTest4" time="1.795"/>
</testsuite> <!-- GetApi.Test_PutMethod -->
