<?xml version="1.0" encoding="UTF-8"?>
<!-- Generated by org.testng.reporters.JUnitReportReporter -->
<testsuite hostname="DESKTOP-MVHKLV0" failures="0" tests="1" name="Get_Method.Post_Method" time="2.259" errors="0" timestamp="15 May 2025 17:35:11 GMT" skipped="0">
  <testcase classname="Get_Method.Post_Method" name="Test" time="2.259"/>
</testsuite> <!-- Get_Method.Post_Method -->
