<?xml version="1.0" encoding="UTF-8"?>
<!-- Generated by org.testng.reporters.JUnitReportReporter -->
<testsuite hostname="DESKTOP-MVHKLV0" failures="0" tests="1" name="GetApi.Test_GetMethod1" time="1.912" errors="0" timestamp="30 Jan 2024 04:48:44 GMT" skipped="0">
  <testcase classname="GetApi.Test_GetMethod1" name="Validate_Testcase1" time="1.912"/>
</testsuite> <!-- GetApi.Test_GetMethod1 -->
