<?xml version="1.0" encoding="UTF-8"?>
<!-- Generated by org.testng.reporters.JUnitReportReporter -->
<testsuite hostname="DESKTOP-MVHKLV0" failures="0" tests="2" name="Get_Method.Get_Method2" time="1.783" errors="0" timestamp="19 Mar 2024 15:54:25 GMT" skipped="0">
  <testcase classname="Get_Method.Get_Method2" name="Test2" time="1.698"/>
  <testcase classname="Get_Method.Get_Method2" name="test1" time="0.085"/>
</testsuite> <!-- Get_Method.Get_Method2 -->
