<?xml version="1.0" encoding="UTF-8"?>
<!-- Generated by org.testng.reporters.JUnitReportReporter -->
<testsuite hostname="DESKTOP-MVHKLV0" failures="0" tests="1" name="GetApi.First_Testcase$FirstTestCase_callGetApi" time="1.501" errors="0" timestamp="23 Dec 2023 16:39:29 GMT" skipped="0">
  <testcase classname="GetApi.First_Testcase$FirstTestCase_callGetApi" name="Test1" time="1.501"/>
</testsuite> <!-- GetApi.First_Testcase$FirstTestCase_callGetApi -->
