<?xml version="1.0" encoding="UTF-8"?>
<!-- Generated by org.testng.reporters.JUnitReportReporter -->
<testsuite hostname="DESKTOP-MVHKLV0" failures="0" tests="1" name="Get_Method.Get_Method" time="1.702" errors="0" timestamp="16 Mar 2024 17:03:49 GMT" skipped="0">
  <testcase classname="Get_Method.Get_Method" name="Test1" time="1.702"/>
</testsuite> <!-- Get_Method.Get_Method -->
