<?xml version="1.0" encoding="UTF-8"?>
<!-- Generated by org.testng.reporters.JUnitReportReporter -->
<testsuite hostname="DESKTOP-MVHKLV0" failures="0" tests="1" name="GetApi.FirstTestCase_callGetApi" time="1.311" errors="0" timestamp="30 Oct 2023 11:00:42 GMT" skipped="0">
  <testcase classname="GetApi.FirstTestCase_callGetApi" name="Test1" time="1.311"/>
</testsuite> <!-- GetApi.FirstTestCase_callGetApi -->
