<?xml version="1.0" encoding="UTF-8"?>
<!-- Generated by org.testng.reporters.JUnitReportReporter -->
<testsuite hostname="DESKTOP-MVHKLV0" failures="0" tests="1" name="RestAssured.BDD_GetMethod" time="1.789" errors="0" timestamp="14 May 2025 19:07:07 GMT" skipped="0">
  <testcase classname="RestAssured.BDD_GetMethod" name="Test" time="1.789"/>
</testsuite> <!-- RestAssured.BDD_GetMethod -->
